c:\users\administrator\desktop\calc\debug\calc.bsc
c:\users\administrator\desktop\calc\calc\debug\calc.pch
c:\users\administrator\desktop\calc\calc\debug\vc140.pdb
c:\users\administrator\desktop\calc\calc\debug\vc140.idb
c:\users\administrator\desktop\calc\calc\debug\stdafx.sbr
c:\users\administrator\desktop\calc\calc\debug\stdafx.obj
c:\users\administrator\desktop\calc\calc\debug\calc.sbr
c:\users\administrator\desktop\calc\calc\debug\calc.obj
c:\users\administrator\desktop\calc\calc\debug\calcdlg.sbr
c:\users\administrator\desktop\calc\calc\debug\calcdlg.obj
c:\users\administrator\desktop\calc\debug\calc.ilk
c:\users\administrator\desktop\calc\debug\calc.exe
c:\users\administrator\desktop\calc\debug\calc.pdb
c:\users\administrator\desktop\calc\calc\debug\calc.res
c:\users\administrator\desktop\calc\calc\debug\calc.tlog\bscmake.command.1.tlog
c:\users\administrator\desktop\calc\calc\debug\calc.tlog\bscmake.read.1.tlog
c:\users\administrator\desktop\calc\calc\debug\calc.tlog\bscmake.write.1.tlog
c:\users\administrator\desktop\calc\calc\debug\calc.tlog\cl.command.1.tlog
c:\users\administrator\desktop\calc\calc\debug\calc.tlog\cl.read.1.tlog
c:\users\administrator\desktop\calc\calc\debug\calc.tlog\cl.write.1.tlog
c:\users\administrator\desktop\calc\calc\debug\calc.tlog\link.command.1.tlog
c:\users\administrator\desktop\calc\calc\debug\calc.tlog\link.read.1.tlog
c:\users\administrator\desktop\calc\calc\debug\calc.tlog\link.write.1.tlog
c:\users\administrator\desktop\calc\calc\debug\calc.tlog\rc.command.1.tlog
c:\users\administrator\desktop\calc\calc\debug\calc.tlog\rc.read.1.tlog
c:\users\administrator\desktop\calc\calc\debug\calc.tlog\rc.write.1.tlog
